Converting 92145 comparison files to JSON...
  Processed 5000/92145 files (5%)...
  Processed 10000/92145 files (10%)...
  Processed 15000/92145 files (16%)...
  Processed 20000/92145 files (21%)...
  Processed 25000/92145 files (27%)...
  Processed 30000/92145 files (32%)...
  Processed 35000/92145 files (37%)...
  Processed 40000/92145 files (43%)...
  Processed 45000/92145 files (48%)...
  Processed 50000/92145 files (54%)...
  Processed 55000/92145 files (59%)...
  Processed 60000/92145 files (65%)...
  Processed 65000/92145 files (70%)...
  Processed 70000/92145 files (75%)...
  Processed 75000/92145 files (81%)...
  Processed 80000/92145 files (86%)...
  Processed 85000/92145 files (92%)...
  Processed 90000/92145 files (97%)...

Creating index file...

JSON conversion complete!
  Files converted: 92145
  Errors: 0
  Index created: data/json/index.json
  Output directory: /Users/kgt/Desktop/Projects/Opexr/DBCompare/data/json
